Determining if the pthread_create exist failed with the following output:
Change Dir: /home/kanin/catkin_ws_roboware/build_isolated/ackermann_steering_controller/CMakeFiles/CMakeTmp

Run Build Command:"/usr/bin/make" "cmTC_60215/fast"
/usr/bin/make -f CMakeFiles/cmTC_60215.dir/build.make CMakeFiles/cmTC_60215.dir/build
make[1]: Entering directory '/home/kanin/catkin_ws_roboware/build_isolated/ackermann_steering_controller/CMakeFiles/CMakeTmp'
Building C object CMakeFiles/cmTC_60215.dir/CheckSymbolExists.c.o
/usr/bin/cc    -o CMakeFiles/cmTC_60215.dir/CheckSymbolExists.c.o   -c /home/kanin/catkin_ws_roboware/build_isolated/ackermann_steering_controller/CMakeFiles/CMakeTmp/CheckSymbolExists.c
Linking C executable cmTC_60215
/usr/local/bin/cmake -E cmake_link_script CMakeFiles/cmTC_60215.dir/link.txt --verbose=1
/usr/bin/cc      -rdynamic CMakeFiles/cmTC_60215.dir/CheckSymbolExists.c.o  -o cmTC_60215 
CMakeFiles/cmTC_60215.dir/CheckSymbolExists.c.o: In function `main':
CheckSymbolExists.c:(.text+0x16): undefined reference to `pthread_create'
collect2: error: ld returned 1 exit status
CMakeFiles/cmTC_60215.dir/build.make:86: recipe for target 'cmTC_60215' failed
make[1]: *** [cmTC_60215] Error 1
make[1]: Leaving directory '/home/kanin/catkin_ws_roboware/build_isolated/ackermann_steering_controller/CMakeFiles/CMakeTmp'
Makefile:121: recipe for target 'cmTC_60215/fast' failed
make: *** [cmTC_60215/fast] Error 2

File /home/kanin/catkin_ws_roboware/build_isolated/ackermann_steering_controller/CMakeFiles/CMakeTmp/CheckSymbolExists.c:
/* */
#include <pthread.h>

int main(int argc, char** argv)
{
  (void)argv;
#ifndef pthread_create
  return ((int*)(&pthread_create))[argc];
#else
  (void)argc;
  return 0;
#endif
}

Determining if the function pthread_create exists in the pthreads failed with the following output:
Change Dir: /home/kanin/catkin_ws_roboware/build_isolated/ackermann_steering_controller/CMakeFiles/CMakeTmp

Run Build Command:"/usr/bin/make" "cmTC_08dec/fast"
/usr/bin/make -f CMakeFiles/cmTC_08dec.dir/build.make CMakeFiles/cmTC_08dec.dir/build
make[1]: Entering directory '/home/kanin/catkin_ws_roboware/build_isolated/ackermann_steering_controller/CMakeFiles/CMakeTmp'
Building C object CMakeFiles/cmTC_08dec.dir/CheckFunctionExists.c.o
/usr/bin/cc   -DCHECK_FUNCTION_EXISTS=pthread_create   -o CMakeFiles/cmTC_08dec.dir/CheckFunctionExists.c.o   -c /usr/local/share/cmake-3.12/Modules/CheckFunctionExists.c
Linking C executable cmTC_08dec
/usr/local/bin/cmake -E cmake_link_script CMakeFiles/cmTC_08dec.dir/link.txt --verbose=1
/usr/bin/cc  -DCHECK_FUNCTION_EXISTS=pthread_create    -rdynamic CMakeFiles/cmTC_08dec.dir/CheckFunctionExists.c.o  -o cmTC_08dec -lpthreads 
/usr/bin/ld: cannot find -lpthreads
collect2: error: ld returned 1 exit status
CMakeFiles/cmTC_08dec.dir/build.make:86: recipe for target 'cmTC_08dec' failed
make[1]: *** [cmTC_08dec] Error 1
make[1]: Leaving directory '/home/kanin/catkin_ws_roboware/build_isolated/ackermann_steering_controller/CMakeFiles/CMakeTmp'
Makefile:121: recipe for target 'cmTC_08dec/fast' failed
make: *** [cmTC_08dec/fast] Error 2


